2025-04-01 21:12:40,798 [INFO] Activator:176 - 


2025-04-01 21:12:40,799 [INFO] Activator:177 - !SESSION log4j initialized
2025-04-01 21:12:42,129 [INFO] LogOutputStream:77 - [STDOUT_REDIRECT] 
2025-04-01 21:12:57,521 [INFO] ApplicationProperties:184 - Using Application install path: /opt/st/stm32cubeide_1.18.0/plugins/com.st.stm32cube.common.mx_6.14.0.202502271554
2025-04-01 21:12:57,538 [INFO] DbMcusXml:78 - Set database path to: /opt/st/stm32cubeide_1.18.0/plugins/com.st.stm32cube.common.mx_6.14.0.202502271554//db//mcu/
2025-04-01 21:12:57,538 [INFO] ApiDb:274 - Set plugin database path to: /opt/st/stm32cubeide_1.18.0/plugins/com.st.stm32cube.common.mx_6.14.0.202502271554//db//plugins/boardmanager/
2025-04-01 21:12:57,538 [WARN] ApiDb:259 - Overriding images path with different value:  => /opt/st/stm32cubeide_1.18.0/plugins/com.st.stm32cube.common.mx_6.14.0.202502271554//db//plugins/mcufinder/images/
2025-04-01 21:12:57,546 [INFO] ApiDb:250 - Set database path to: /home/astrox/.stmcufinder/plugins/mcufinder//mcu/
2025-04-01 21:12:57,547 [INFO] DbMcusAds:125 - Set database path to: /home/astrox/.stmcufinder/plugins/mcufinder//mcu/
2025-04-01 21:12:57,564 [INFO] CrossReferenceDbSqlite:203 - Set database path to: /home/astrox/.stmcufinder/plugins/mcufinder//mcu/cs/
2025-04-01 21:12:57,647 [INFO] RulesReader:64 - Compatibility file has been processed (301 Rules)
2025-04-01 21:12:57,690 [INFO] DbMcusXml:78 - Set database path to: /opt/st/stm32cubeide_1.18.0/plugins/com.st.stm32cube.common.mx_6.14.0.202502271554//db//mcu/
2025-04-01 21:12:57,690 [INFO] ApiDb:274 - Set plugin database path to: /opt/st/stm32cubeide_1.18.0/plugins/com.st.stm32cube.common.mx_6.14.0.202502271554//db//plugins/boardmanager/
2025-04-01 21:12:57,690 [INFO] ApiDb:261 - Set plugin images path to: /opt/st/stm32cubeide_1.18.0/plugins/com.st.stm32cube.common.mx_6.14.0.202502271554//db//plugins/mcufinder/images/
2025-04-01 21:12:57,690 [WARN] DbFile:41 - Overriding database path with different value: /home/astrox/.stmcufinder/plugins/mcufinder/ => /home/astrox/.stmcufinder/plugins/mcufinder
2025-04-01 21:12:57,691 [INFO] ApiDb:250 - Set database path to: /home/astrox/.stmcufinder/plugins/mcufinder//mcu/
2025-04-01 21:12:57,691 [WARN] DbFile:41 - Overriding database path with different value: /home/astrox/.stmcufinder/plugins/mcufinder/ => /home/astrox/.stmcufinder/plugins/mcufinder
2025-04-01 21:12:57,691 [INFO] DbMcusAds:125 - Set database path to: /home/astrox/.stmcufinder/plugins/mcufinder//mcu/
2025-04-01 21:12:57,691 [WARN] DbFile:41 - Overriding database path with different value: /home/astrox/.stmcufinder/plugins/mcufinder/ => /home/astrox/.stmcufinder/plugins/mcufinder
2025-04-01 21:12:57,691 [WARN] DbFile:41 - Overriding database path with different value: /home/astrox/.stmcufinder/plugins/mcufinder/ => /home/astrox/.stmcufinder/plugins/mcufinder
2025-04-01 21:12:57,691 [INFO] CrossReferenceDbSqlite:203 - Set database path to: /home/astrox/.stmcufinder/plugins/mcufinder//mcu/cs/
2025-04-01 21:12:57,742 [INFO] MainPanel:272 - HeapMemory: 268435456
2025-04-01 21:12:57,837 [INFO] DbMcusXml:78 - Set database path to: /opt/st/stm32cubeide_1.18.0/plugins/com.st.stm32cube.common.mx_6.14.0.202502271554//db//mcu/
2025-04-01 21:12:57,837 [INFO] ApiDb:274 - Set plugin database path to: /opt/st/stm32cubeide_1.18.0/plugins/com.st.stm32cube.common.mx_6.14.0.202502271554//db//plugins/boardmanager/
2025-04-01 21:12:57,837 [INFO] ApiDb:261 - Set plugin images path to: /opt/st/stm32cubeide_1.18.0/plugins/com.st.stm32cube.common.mx_6.14.0.202502271554//db//plugins/mcufinder/images/
2025-04-01 21:12:57,837 [WARN] DbFile:41 - Overriding database path with different value: /home/astrox/.stmcufinder/plugins/mcufinder/ => /home/astrox/.stmcufinder/plugins/mcufinder
2025-04-01 21:12:57,837 [INFO] ApiDb:250 - Set database path to: /home/astrox/.stmcufinder/plugins/mcufinder//mcu/
2025-04-01 21:12:57,837 [WARN] DbFile:41 - Overriding database path with different value: /home/astrox/.stmcufinder/plugins/mcufinder/ => /home/astrox/.stmcufinder/plugins/mcufinder
2025-04-01 21:12:57,837 [INFO] DbMcusAds:125 - Set database path to: /home/astrox/.stmcufinder/plugins/mcufinder//mcu/
2025-04-01 21:12:57,837 [WARN] DbFile:41 - Overriding database path with different value: /home/astrox/.stmcufinder/plugins/mcufinder/ => /home/astrox/.stmcufinder/plugins/mcufinder
2025-04-01 21:12:57,837 [WARN] DbFile:41 - Overriding database path with different value: /home/astrox/.stmcufinder/plugins/mcufinder/ => /home/astrox/.stmcufinder/plugins/mcufinder
2025-04-01 21:12:57,838 [INFO] CrossReferenceDbSqlite:203 - Set database path to: /home/astrox/.stmcufinder/plugins/mcufinder//mcu/cs/
2025-04-01 21:12:57,848 [INFO] ApplicationProperties:184 - Using Application install path: /opt/st/stm32cubeide_1.18.0/plugins/com.st.stm32cube.common.mx_6.14.0.202502271554
2025-04-01 21:12:57,848 [INFO] PluginManage:196 - Search for loadable plugins [exclusion list=, ]
2025-04-01 21:12:57,849 [INFO] PluginManage:310 - Check plugin analytics
2025-04-01 21:12:57,952 [INFO] AnalyticsPlugin:253 - Accepted Software Licenses: STM32CubeMX.6.13.0,STM32CubeMX.6.14.0
2025-04-01 21:12:57,952 [INFO] AnalyticsPlugin:255 - Accepted CMSIS Pack Licenses: STMicroelectronics.X-CUBE-ALGOBUILD.1.4.0,STMicroelectronics.X-CUBE-FREERTOS.1.3.0
2025-04-01 21:12:57,953 [INFO] AnalyticsPlugin:257 - Accepted Firmware Licenses: FW.F4.1.28.0
2025-04-01 21:12:57,954 [INFO] PluginManage:359 - Loaded plugin analytics (category:tool,tabindex:-1)
2025-04-01 21:12:57,954 [INFO] PluginManage:310 - Check plugin cadmodel
2025-04-01 21:12:57,958 [INFO] CADModel:105 - Init CAD model plugin
2025-04-01 21:12:57,958 [INFO] PluginManage:359 - Loaded plugin cadmodel (category:power,tabindex:5)
2025-04-01 21:12:57,958 [INFO] PluginManage:310 - Check plugin clock
2025-04-01 21:12:57,965 [INFO] PluginManage:359 - Loaded plugin clock (category:base,tabindex:2)
2025-04-01 21:12:57,965 [INFO] PluginManage:310 - Check plugin ddr
2025-04-01 21:12:57,967 [INFO] PluginManage:359 - Loaded plugin ddr (category:tool,tabindex:6)
2025-04-01 21:12:57,967 [INFO] PluginManage:310 - Check plugin filemanager
2025-04-01 21:12:58,054 [INFO] PluginManage:359 - Loaded plugin filemanager (category:base,tabindex:10)
2025-04-01 21:12:58,054 [INFO] PluginManage:310 - Check plugin ipmanager
2025-04-01 21:12:58,058 [INFO] PluginManage:359 - Loaded plugin ipmanager (category:base,tabindex:5)
2025-04-01 21:12:58,058 [INFO] PluginManage:310 - Check plugin lpbam
2025-04-01 21:12:58,066 [INFO] PluginManage:359 - Loaded plugin lpbam (category:base,tabindex:0)
2025-04-01 21:12:58,066 [INFO] PluginManage:310 - Check plugin memorymap
2025-04-01 21:12:58,075 [INFO] PluginManage:359 - Loaded plugin memorymap (category:base,tabindex:4)
2025-04-01 21:12:58,075 [INFO] PluginManage:310 - Check plugin pinoutandconfiguration
2025-04-01 21:12:58,082 [INFO] PluginManage:359 - Loaded plugin pinoutandconfiguration (category:base,tabindex:1)
2025-04-01 21:12:58,082 [INFO] PluginManage:310 - Check plugin pinoutconfig
2025-04-01 21:12:58,134 [WARN] SupportedApi:132 - Cannot load RTOS API schema: s4s-elt-must-match.1: The content of 'definitions' must match (annotation?, (simpleType | complexType)?, (unique | key | keyref)*)). A problem was found starting at: attribute.
2025-04-01 21:12:58,225 [INFO] PluginManage:359 - Loaded plugin pinoutconfig (category:base,tabindex:0)
2025-04-01 21:12:58,225 [INFO] PluginManage:310 - Check plugin power
2025-04-01 21:12:58,232 [INFO] PluginManage:359 - Loaded plugin power (category:power,tabindex:4)
2025-04-01 21:12:58,232 [INFO] PluginManage:310 - Check plugin projectmanager
2025-04-01 21:12:58,242 [INFO] PluginManage:359 - Loaded plugin projectmanager (category:projectmanager,tabindex:4)
2025-04-01 21:12:58,242 [INFO] PluginManage:310 - Check plugin rif
2025-04-01 21:12:58,249 [INFO] PluginManage:359 - Loaded plugin rif (category:base,tabindex:3)
2025-04-01 21:12:58,249 [INFO] PluginManage:310 - Check plugin thirdparty
2025-04-01 21:12:58,320 [INFO] PluginManage:359 - Loaded plugin thirdparty (category:base,tabindex:-1)
2025-04-01 21:12:58,320 [WARN] IntegrityCheckThread:84 - waiting for thirdparty lock release [integrity check]
2025-04-01 21:12:58,320 [INFO] PluginManage:310 - Check plugin tools
2025-04-01 21:12:58,320 [INFO] IntegrityCheckThread:86 - entering critical section [integrity check]
2025-04-01 21:12:58,320 [INFO] ThirdPartyUpdaterWithRetryManager:70 - Updater plugin not ready yet. [1/15]
2025-04-01 21:12:58,321 [INFO] PluginManage:359 - Loaded plugin tools (category:base,tabindex:7)
2025-04-01 21:12:58,321 [INFO] PluginManage:310 - Check plugin tutovideos
2025-04-01 21:12:58,432 [INFO] PluginManage:359 - Loaded plugin tutovideos (category:base,tabindex:-1)
2025-04-01 21:12:58,433 [INFO] PluginManage:310 - Check plugin updater
2025-04-01 21:12:58,451 [INFO] PluginManage:359 - Loaded plugin updater (category:base,tabindex:12)
2025-04-01 21:12:58,451 [INFO] PluginManage:310 - Check plugin userauth
2025-04-01 21:12:58,454 [INFO] UserAuth:118 - Init User Auth plugin
2025-04-01 21:12:58,455 [INFO] PluginManage:359 - Loaded plugin userauth (category:base,tabindex:14)
2025-04-01 21:12:58,455 [INFO] PluginManage:283 - PluginManage : Loaded plugins [18]
2025-04-01 21:12:58,574 [INFO] PinOutPanel:1589 - setPackage(No Configuration,No Configuration)
2025-04-01 21:12:58,618 [INFO] CADModel:165 - CPN selected for project level
2025-04-01 21:12:58,618 [INFO] CADModel:114 - Register for checkConnection events
2025-04-01 21:12:58,626 [INFO] IPUIPlugin:80 - create IPUIPlugin
2025-04-01 21:12:58,626 [INFO] PluginManager:220 - loadIPPluginJar : add openamp
2025-04-01 21:12:58,627 [INFO] IPUIPlugin:80 - create IPUIPlugin
2025-04-01 21:12:58,628 [INFO] PluginManager:220 - loadIPPluginJar : add radio
2025-04-01 21:12:58,632 [INFO] IPUIPlugin:80 - create IPUIPlugin
2025-04-01 21:12:58,632 [INFO] PluginManager:220 - loadIPPluginJar : add linkedlist
2025-04-01 21:12:58,633 [INFO] IPUIPlugin:80 - create IPUIPlugin
2025-04-01 21:12:58,633 [INFO] PluginManager:220 - loadIPPluginJar : add ucpd
2025-04-01 21:12:58,638 [INFO] IPUIPlugin:80 - create IPUIPlugin
2025-04-01 21:12:58,638 [INFO] PluginManager:220 - loadIPPluginJar : add fmc
2025-04-01 21:12:58,639 [INFO] IPUIPlugin:80 - create IPUIPlugin
2025-04-01 21:12:58,639 [INFO] PluginManager:220 - loadIPPluginJar : add tim
2025-04-01 21:12:58,644 [INFO] IPUIPlugin:80 - create IPUIPlugin
2025-04-01 21:12:58,645 [INFO] PluginManager:220 - loadIPPluginJar : add gpio
2025-04-01 21:12:58,647 [INFO] IPUIPlugin:80 - create IPUIPlugin
2025-04-01 21:12:58,647 [INFO] PluginManager:220 - loadIPPluginJar : add i2c
2025-04-01 21:12:58,650 [INFO] IPUIPlugin:80 - create IPUIPlugin
2025-04-01 21:12:58,650 [INFO] PluginManager:220 - loadIPPluginJar : add ddr_ctrl_phy
2025-04-01 21:12:58,652 [INFO] IPUIPlugin:80 - create IPUIPlugin
2025-04-01 21:12:58,652 [INFO] PluginManager:220 - loadIPPluginJar : add gfxmmu
2025-04-01 21:12:58,655 [INFO] IPUIPlugin:80 - create IPUIPlugin
2025-04-01 21:12:58,655 [INFO] PluginManager:220 - loadIPPluginJar : add ipddr
2025-04-01 21:12:58,659 [INFO] IPUIPlugin:80 - create IPUIPlugin
2025-04-01 21:12:58,659 [INFO] PluginManager:220 - loadIPPluginJar : add nvic
2025-04-01 21:12:58,660 [INFO] IPUIPlugin:80 - create IPUIPlugin
2025-04-01 21:12:58,660 [INFO] PluginManager:220 - loadIPPluginJar : add cryp
2025-04-01 21:12:58,662 [INFO] IPUIPlugin:80 - create IPUIPlugin
2025-04-01 21:12:58,662 [INFO] PluginManager:220 - loadIPPluginJar : add opamp
2025-04-01 21:12:58,664 [INFO] IPUIPlugin:80 - create IPUIPlugin
2025-04-01 21:12:58,664 [INFO] PluginManager:220 - loadIPPluginJar : add i3c
2025-04-01 21:12:58,667 [INFO] IPUIPlugin:80 - create IPUIPlugin
2025-04-01 21:12:58,667 [INFO] PluginManager:220 - loadIPPluginJar : add gic
2025-04-01 21:12:58,670 [INFO] IPUIPlugin:80 - create IPUIPlugin
2025-04-01 21:12:58,670 [INFO] PluginManager:220 - loadIPPluginJar : add adc
2025-04-01 21:12:58,672 [INFO] IPUIPlugin:80 - create IPUIPlugin
2025-04-01 21:12:58,672 [INFO] PluginManager:220 - loadIPPluginJar : add sai
2025-04-01 21:12:58,676 [INFO] IPUIPlugin:80 - create IPUIPlugin
2025-04-01 21:12:58,676 [INFO] PluginManager:220 - loadIPPluginJar : add resmgrutility
2025-04-01 21:12:58,682 [INFO] IPUIPlugin:80 - create IPUIPlugin
2025-04-01 21:12:58,684 [INFO] PluginManager:220 - loadIPPluginJar : add plateformsettings
2025-04-01 21:12:58,685 [INFO] IPUIPlugin:80 - create IPUIPlugin
2025-04-01 21:12:58,685 [INFO] PluginManager:220 - loadIPPluginJar : add ltdc
2025-04-01 21:12:58,687 [INFO] IPUIPlugin:80 - create IPUIPlugin
2025-04-01 21:12:58,688 [INFO] PluginManager:220 - loadIPPluginJar : add lorawan
2025-04-01 21:12:58,689 [INFO] IPUIPlugin:80 - create IPUIPlugin
2025-04-01 21:12:58,689 [INFO] PluginManager:220 - loadIPPluginJar : add ts
2025-04-01 21:12:58,691 [INFO] IPUIPlugin:80 - create IPUIPlugin
2025-04-01 21:12:58,692 [INFO] PluginManager:220 - loadIPPluginJar : add usart
2025-04-01 21:12:58,694 [INFO] IPUIPlugin:80 - create IPUIPlugin
2025-04-01 21:12:58,694 [INFO] PluginManager:220 - loadIPPluginJar : add can
2025-04-01 21:12:58,699 [INFO] IPUIPlugin:80 - create IPUIPlugin
2025-04-01 21:12:58,699 [INFO] PluginManager:220 - loadIPPluginJar : add freertos
2025-04-01 21:12:58,702 [INFO] IPUIPlugin:80 - create IPUIPlugin
2025-04-01 21:12:58,702 [INFO] PluginManager:220 - loadIPPluginJar : add spi
2025-04-01 21:12:58,703 [INFO] IPUIPlugin:80 - create IPUIPlugin
2025-04-01 21:12:58,703 [INFO] PluginManager:220 - loadIPPluginJar : add dma3
2025-04-01 21:12:58,704 [INFO] IPUIPlugin:80 - create IPUIPlugin
2025-04-01 21:12:58,704 [INFO] PluginManager:220 - loadIPPluginJar : add fatfs
2025-04-01 21:12:58,708 [INFO] IPUIPlugin:80 - create IPUIPlugin
2025-04-01 21:12:58,709 [INFO] PluginManager:220 - loadIPPluginJar : add dma
2025-04-01 21:12:58,710 [INFO] IPUIPlugin:80 - create IPUIPlugin
2025-04-01 21:12:58,710 [INFO] PluginManager:220 - loadIPPluginJar : add quadspi
2025-04-01 21:12:58,711 [INFO] IPUIPlugin:80 - create IPUIPlugin
2025-04-01 21:12:58,711 [INFO] PluginManager:220 - loadIPPluginJar : add gtzc
2025-04-01 21:12:58,713 [INFO] IPUIPlugin:80 - create IPUIPlugin
2025-04-01 21:12:58,713 [INFO] PluginManager:220 - loadIPPluginJar : add aes
2025-04-01 21:12:58,714 [INFO] IPUIPlugin:80 - create IPUIPlugin
2025-04-01 21:12:58,714 [INFO] PluginManager:220 - loadIPPluginJar : add usbx
2025-04-01 21:12:58,716 [INFO] IPUIPlugin:80 - create IPUIPlugin
2025-04-01 21:12:58,716 [INFO] PluginManager:220 - loadIPPluginJar : add extmemmanager
2025-04-01 21:12:58,717 [INFO] IPUIPlugin:80 - create IPUIPlugin
2025-04-01 21:12:58,717 [INFO] PluginManager:220 - loadIPPluginJar : add tracer_emb
2025-04-01 21:12:58,718 [INFO] IPUIPlugin:80 - create IPUIPlugin
2025-04-01 21:12:58,718 [INFO] PluginManager:220 - loadIPPluginJar : add tsc
2025-04-01 21:12:58,719 [INFO] IPUIPlugin:80 - create IPUIPlugin
2025-04-01 21:12:58,719 [INFO] PluginManager:220 - loadIPPluginJar : add hash
2025-04-01 21:12:58,720 [INFO] IPUIPlugin:80 - create IPUIPlugin
2025-04-01 21:12:58,720 [INFO] PluginManager:220 - loadIPPluginJar : add dfsdm
2025-04-01 21:12:58,721 [INFO] IPUIPlugin:80 - create IPUIPlugin
2025-04-01 21:12:58,721 [INFO] PluginManager:220 - loadIPPluginJar : add genericplugin
2025-04-01 21:12:58,723 [INFO] IPUIPlugin:80 - create IPUIPlugin
2025-04-01 21:12:58,723 [INFO] PluginManager:220 - loadIPPluginJar : add pdm2pcm
2025-04-01 21:12:58,724 [INFO] IPUIPlugin:80 - create IPUIPlugin
2025-04-01 21:12:58,724 [INFO] PluginManager:220 - loadIPPluginJar : add comp
2025-04-01 21:12:58,728 [INFO] IPUIPlugin:80 - create IPUIPlugin
2025-04-01 21:12:58,728 [INFO] PluginManager:220 - loadIPPluginJar : add mdma
2025-04-01 21:12:58,731 [INFO] IPUIPlugin:80 - create IPUIPlugin
2025-04-01 21:12:58,731 [INFO] PluginManager:220 - loadIPPluginJar : add touchsensing
2025-04-01 21:12:58,733 [INFO] IPUIPlugin:80 - create IPUIPlugin
2025-04-01 21:12:58,733 [INFO] PluginManager:220 - loadIPPluginJar : add i2s
2025-04-01 21:12:58,736 [INFO] IPUIPlugin:80 - create IPUIPlugin
2025-04-01 21:12:58,736 [INFO] PluginManager:220 - loadIPPluginJar : add stm32_wpan
2025-04-01 21:12:58,828 [FATAL] Updater:351 - Updater called before beeing initialized
2025-04-01 21:12:58,847 [INFO] RulesReader:64 - Compatibility file has been processed (301 Rules)
2025-04-01 21:12:58,856 [INFO] RulesReader:64 - Compatibility file has been processed (301 Rules)
2025-04-01 21:12:58,860 [INFO] CADModel:165 - CPN selected for project level
2025-04-01 21:12:58,860 [INFO] CADModel:114 - Register for checkConnection events
2025-04-01 21:12:58,860 [FATAL] Updater:351 - Updater called before beeing initialized
2025-04-01 21:12:58,860 [ERROR] CADModel:125 - Updater not yet initialized, retry later 
2025-04-01 21:12:58,944 [FATAL] Updater:351 - Updater called before beeing initialized
2025-04-01 21:12:58,945 [INFO] CADModel:165 - CPN selected for project level
2025-04-01 21:12:58,945 [INFO] CADModel:114 - Register for checkConnection events
2025-04-01 21:12:58,945 [FATAL] Updater:351 - Updater called before beeing initialized
2025-04-01 21:12:58,945 [ERROR] CADModel:125 - Updater not yet initialized, retry later 
2025-04-01 21:12:58,947 [FATAL] Updater:351 - Updater called before beeing initialized
2025-04-01 21:12:58,995 [FATAL] Updater:351 - Updater called before beeing initialized
2025-04-01 21:12:58,997 [INFO] DbMcusAds:53 - JSON generation date=Thu Mar 06 21:54:21 ICT 2025 (1741272861825)
2025-04-01 21:12:58,997 [FATAL] Updater:351 - Updater called before beeing initialized
2025-04-01 21:12:59,025 [WARN] DetailPanel:346 - Failed to get advertising image, set to default
2025-04-01 21:12:59,214 [FATAL] Updater:351 - Updater called before beeing initialized
2025-04-01 21:12:59,215 [FATAL] Updater:351 - Updater called before beeing initialized
2025-04-01 21:12:59,215 [FATAL] Updater:351 - Updater called before beeing initialized
2025-04-01 21:12:59,215 [WARN] DetailPanel:346 - Failed to get advertising image, set to default
2025-04-01 21:12:59,215 [FATAL] Updater:351 - Updater called before beeing initialized
2025-04-01 21:12:59,236 [ERROR] Updater:1198 - MainUpdater not yet initialized. External WinMGr cannot be set.
2025-04-01 21:12:59,237 [INFO] Updater:1134 - Updater Version found : 6.14.0
2025-04-01 21:12:59,248 [INFO] ApplicationProperties:184 - Using Application install path: /opt/st/stm32cubeide_1.18.0/plugins/com.st.stm32cube.common.mx_6.14.0.202502271554
2025-04-01 21:12:59,515 [INFO] MainUpdater:2872 - connection check result : 10
2025-04-01 21:12:59,515 [INFO] MainUpdater:289 - Updater Check For Update Now.
2025-04-01 21:12:59,516 [INFO] MicroXplorer:498 - Change Database Version : DB.6.0.140
2025-04-01 21:12:59,518 [INFO] McuFinderGlobals:63 - Set McuFinder mode to 2 (CubeIDE integrated)
2025-04-01 21:12:59,518 [INFO] UserAuth:486 - Internet connection configuration mode: 1
2025-04-01 21:12:59,530 [INFO] JxBrowserEngine:152 - Initiate JxBrowser Engine with user profile folder
2025-04-01 21:12:59,670 [INFO] CheckServerUpdateThread:120 - End of CheckServer Thread
2025-04-01 21:13:01,440 [WARN] PackLoader:240 - Cannot read IP mode file for STMicroelectronics.FP-SNS-MOTENVWB1.1.4.0
2025-04-01 21:13:01,444 [WARN] PackLoader:240 - Cannot read IP mode file for STMicroelectronics.FP-ATR-ASTRA1.2.0.2
2025-04-01 21:13:01,445 [WARN] PackLoader:240 - Cannot read IP mode file for STMicroelectronics.FP-ATR-ASTRA1.2.0.1
2025-04-01 21:13:01,448 [WARN] PackLoader:240 - Cannot read IP mode file for STMicroelectronics.X-CUBE-SMBUS.2.1.0
2025-04-01 21:13:01,452 [WARN] PackLoader:240 - Cannot read IP mode file for STMicroelectronics.X-CUBE-WB05N.1.1.0
2025-04-01 21:13:01,469 [WARN] PackLoader:240 - Cannot read IP mode file for STMicroelectronics.X-CUBE-AZRTOS-F7.1.1.0
2025-04-01 21:13:01,480 [WARN] PackLoader:240 - Cannot read IP mode file for STMicroelectronics.FP-SNS-FLIGHT1.5.0.2
2025-04-01 21:13:01,495 [WARN] PackLoader:240 - Cannot read IP mode file for Infineon.AIROC-Wi-Fi-Bluetooth-STM32.1.7.0
2025-04-01 21:13:01,502 [WARN] PackLoader:240 - Cannot read IP mode file for STMicroelectronics.X-CUBE-DISPLAY.3.0.0
2025-04-01 21:13:01,508 [WARN] PackLoader:240 - Cannot read IP mode file for STMicroelectronics.X-CUBE-BLE1.7.0.0
2025-04-01 21:13:01,511 [WARN] PackLoader:240 - Cannot read IP mode file for STMicroelectronics.X-CUBE-NFC10.1.0.0
2025-04-01 21:13:01,517 [WARN] PackLoader:240 - Cannot read IP mode file for STMicroelectronics.X-CUBE-BLEMGR.4.0.0
2025-04-01 21:13:01,522 [WARN] PackLoader:240 - Cannot read IP mode file for emotas.I-CUBE-CANOPEN.1.3.0
2025-04-01 21:13:01,523 [WARN] PackLoader:240 - Cannot read IP mode file for STMicroelectronics.X-CUBE-AI.10.0.0
2025-04-01 21:13:01,525 [WARN] PackLoader:240 - Cannot read IP mode file for STMicroelectronics.FP-SNS-SMARTAG2.1.2.0
2025-04-01 21:13:01,539 [WARN] PackLoader:240 - Cannot read IP mode file for STMicroelectronics.FP-SNS-FLIGHT1.5.1.0
2025-04-01 21:13:01,587 [WARN] PackLoader:240 - Cannot read IP mode file for STMicroelectronics.X-CUBE-MEMS1.11.1.0
2025-04-01 21:13:01,718 [INFO] LogOutputStream:77 - [STDOUT_REDIRECT] 1 : Invalid condition id : UX_CORESTACK_Condition cause : null
2025-04-01 21:13:01,718 [INFO] LogOutputStream:77 - [STDOUT_REDIRECT] 1 : Invalid condition id : UX_CORESTACK_Condition cause : null
2025-04-01 21:13:01,719 [INFO] LogOutputStream:77 - [STDOUT_REDIRECT] 1 : Invalid condition id : UX_CORESTACK_Condition cause : null
2025-04-01 21:13:01,720 [INFO] LogOutputStream:77 - [STDOUT_REDIRECT] 1 : Invalid condition id : UX_CORESTACK_Condition cause : null
2025-04-01 21:13:01,720 [INFO] LogOutputStream:77 - [STDOUT_REDIRECT] 1 : Invalid condition id : UX_CORESTACK_Condition cause : null
2025-04-01 21:13:01,722 [WARN] PackLoader:240 - Cannot read IP mode file for STMicroelectronics.X-CUBE-AZRTOS-WL.2.0.0
2025-04-01 21:13:01,728 [WARN] PackLoader:240 - Cannot read IP mode file for STMicroelectronics.FP-SNS-MOTENV1.5.0.0
2025-04-01 21:13:01,730 [WARN] PackLoader:240 - Cannot read IP mode file for wolfSSL.I-CUBE-wolfMQTT.1.19.0
2025-04-01 21:13:01,732 [WARN] PackLoader:240 - Cannot read IP mode file for WES.I-CUBE-Cesium.1.3.0
2025-04-01 21:13:01,734 [WARN] PackLoader:240 - Cannot read IP mode file for STMicroelectronics.X-CUBE-BLE2.3.3.0
2025-04-01 21:13:01,737 [WARN] PackLoader:240 - Cannot read IP mode file for STMicroelectronics.X-CUBE-NFC9.1.0.0
2025-04-01 21:13:01,740 [WARN] PackLoader:240 - Cannot read IP mode file for STMicroelectronics.X-CUBE-BLE1.7.1.0
2025-04-01 21:13:01,748 [WARN] PackLoader:240 - Cannot read IP mode file for STMicroelectronics.X-CUBE-AZRTOS-G0.1.1.0
2025-04-01 21:13:01,778 [WARN] PackLoader:240 - Cannot read IP mode file for STMicroelectronics.X-CUBE-SAFEA1.1.2.2
2025-04-01 21:13:01,790 [WARN] PackLoader:240 - Cannot read IP mode file for STMicroelectronics.X-CUBE-NFC4.3.0.0
2025-04-01 21:13:01,815 [WARN] PackLoader:240 - Cannot read IP mode file for EmbeddedOffice.I-CUBE-FS-RTOS.1.0.1
2025-04-01 21:13:01,837 [WARN] PackLoader:240 - Cannot read IP mode file for STMicroelectronics.X-CUBE-TCPP.4.2.0
2025-04-01 21:13:01,848 [WARN] PackLoader:240 - Cannot read IP mode file for RealThread.X-CUBE-RT-Thread_Nano.4.1.1
2025-04-01 21:13:01,871 [WARN] PackLoader:240 - Cannot read IP mode file for STMicroelectronics.FP-ATR-SIGFOX1.3.2.0
2025-04-01 21:13:01,883 [WARN] ConditionMgr:438 - getConditionDescription Invalid condition id : Cortex-A Device cause : null
2025-04-01 21:13:01,965 [WARN] ConditionMgr:1044 - genDependencies : Invalid condition id : Cortex-A Device cause : null
2025-04-01 21:13:01,965 [WARN] ConditionMgr:1044 - genDependencies : Invalid condition id : Cortex-A Device cause : null
2025-04-01 21:13:01,965 [WARN] ConditionMgr:1044 - genDependencies : Invalid condition id : Cortex-A Device cause : null
2025-04-01 21:13:01,994 [WARN] PackLoader:240 - Cannot read IP mode file for STMicroelectronics.X-CUBE-EEPRMA1.5.1.0
2025-04-01 21:13:02,008 [WARN] PackLoader:240 - Cannot read IP mode file for wolfSSL.I-CUBE-wolfSSL.5.7.6
2025-04-01 21:13:02,026 [WARN] PackLoader:240 - Cannot read IP mode file for ITTIA_DB.I-CUBE-ITTIADB.8.9.0
2025-04-01 21:13:02,079 [WARN] PackLoader:240 - Cannot read IP mode file for SEGGER.I-CUBE-embOS.1.3.1
2025-04-01 21:13:02,106 [WARN] PackLoader:240 - Cannot read IP mode file for STMicroelectronics.X-CUBE-ALGOBUILD.1.4.0
2025-04-01 21:13:02,265 [WARN] PackLoader:240 - Cannot read IP mode file for STMicroelectronics.X-CUBE-AZRTOS-F4.1.1.0
2025-04-01 21:13:02,275 [WARN] PackLoader:240 - Cannot read IP mode file for STMicroelectronics.X-CUBE-ISPU.2.1.0
2025-04-01 21:13:02,315 [WARN] PackLoader:240 - Cannot read IP mode file for STMicroelectronics.X-CUBE-AZRTOS-L5.2.0.0
2025-04-01 21:13:02,342 [WARN] PackLoader:240 - Cannot read IP mode file for STMicroelectronics.X-CUBE-NFC6.3.1.0
2025-04-01 21:13:02,370 [WARN] PackLoader:240 - Cannot read IP mode file for STMicroelectronics.X-CUBE-DPower.1.2.0
2025-04-01 21:13:02,388 [WARN] PackLoader:240 - Cannot read IP mode file for STMicroelectronics.X-CUBE-FREERTOS.1.3.0
2025-04-01 21:13:02,517 [WARN] PackLoader:240 - Cannot read IP mode file for STMicroelectronics.X-CUBE-NFC7.1.0.1
2025-04-01 21:13:02,597 [WARN] PackLoader:240 - Cannot read IP mode file for STMicroelectronics.X-CUBE-DPower.1.3.0
2025-04-01 21:13:02,687 [WARN] ConditionMgr:438 - getConditionDescription Invalid condition id : LAN8742 Phy interface Condition cause : null
2025-04-01 21:13:02,688 [WARN] PackLoader:240 - Cannot read IP mode file for STMicroelectronics.X-CUBE-AZRTOS-L4.2.0.0
2025-04-01 21:13:02,688 [WARN] ConditionMgr:1044 - genDependencies : Invalid condition id : LAN8742 Phy interface Condition cause : null
2025-04-01 21:13:02,688 [WARN] ConditionMgr:1044 - genDependencies : Invalid condition id : LAN8742 Phy interface Condition cause : null
2025-04-01 21:13:02,689 [WARN] ConditionMgr:1044 - genDependencies : Invalid condition id : LAN8742 Phy interface Condition cause : null
2025-04-01 21:13:02,848 [WARN] PackLoader:240 - Cannot read IP mode file for STMicroelectronics.X-CUBE-SFXS2LP1.4.0.0
2025-04-01 21:13:02,860 [WARN] PackLoader:240 - Cannot read IP mode file for STMicroelectronics.X-CUBE-AZRTOS-H7.3.3.0
2025-04-01 21:13:03,016 [WARN] ConditionMgr:438 - getConditionDescription Invalid condition id : UX DEVICE CLASS RTOS Condition cause : null
2025-04-01 21:13:03,016 [WARN] ConditionMgr:438 - getConditionDescription Invalid condition id : UX DEVICE CLASS RTOS Condition cause : null
2025-04-01 21:13:03,017 [WARN] PackLoader:240 - Cannot read IP mode file for STMicroelectronics.X-CUBE-AZRTOS-WB.2.0.0
2025-04-01 21:13:03,018 [WARN] ConditionMgr:1044 - genDependencies : Invalid condition id : UX DEVICE CLASS RTOS Condition cause : null
2025-04-01 21:13:03,018 [WARN] ConditionMgr:1044 - genDependencies : Invalid condition id : UX DEVICE CLASS RTOS Condition cause : null
2025-04-01 21:13:03,018 [WARN] ConditionMgr:1044 - genDependencies : Invalid condition id : UX DEVICE CLASS RTOS Condition cause : null
2025-04-01 21:13:03,018 [WARN] ConditionMgr:1044 - genDependencies : Invalid condition id : UX DEVICE CLASS RTOS Condition cause : null
2025-04-01 21:13:03,018 [WARN] ConditionMgr:1044 - genDependencies : Invalid condition id : UX DEVICE CLASS RTOS Condition cause : null
2025-04-01 21:13:03,093 [WARN] PackLoader:240 - Cannot read IP mode file for STMicroelectronics.X-CUBE-GNSS1.7.0.1
2025-04-01 21:13:03,502 [WARN] PackLoader:240 - Cannot read IP mode file for STMicroelectronics.X-CUBE-TOUCHGFX.4.25.0
2025-04-01 21:13:03,669 [WARN] PackLoader:240 - Cannot read IP mode file for STMicroelectronics.FP-SNS-STBOX1.2.0.0
2025-04-01 21:13:03,752 [WARN] PackLoader:240 - Cannot read IP mode file for STMicroelectronics.X-CUBE-SUBG2.5.0.0
2025-04-01 21:13:03,991 [WARN] PackLoader:240 - Cannot read IP mode file for STMicroelectronics.X-CUBE-AZRTOS-H7RS.1.1.0
2025-04-01 21:13:04,144 [WARN] PackLoader:240 - Cannot read IP mode file for Cesanta.I-CUBE-Mongoose.7.13.0
2025-04-01 21:13:04,329 [WARN] PackLoader:240 - Cannot read IP mode file for STMicroelectronics.X-CUBE-AZRTOS-G4.2.0.0
2025-04-01 21:13:04,336 [WARN] PackLoader:240 - Cannot read IP mode file for STMicroelectronics.X-CUBE-IPS.3.1.0
2025-04-01 21:13:04,340 [WARN] PackLoader:240 - Cannot read IP mode file for STMicroelectronics.X-CUBE-ALS.1.0.2
2025-04-01 21:13:04,341 [WARN] PackLoader:240 - Cannot read IP mode file for STMicroelectronics.X-CUBE-TOUCHGFX.4.24.2
2025-04-01 21:13:04,342 [WARN] PackLoader:240 - Cannot read IP mode file for wolfSSL.I-CUBE-wolfTPM.3.4.0
2025-04-01 21:13:04,344 [WARN] PackLoader:240 - Cannot read IP mode file for portGmbH.I-Cube-SoM-uGOAL.1.1.0
2025-04-01 21:13:04,352 [WARN] PackLoader:240 - Cannot read IP mode file for STMicroelectronics.X-CUBE-AZRTOS-H7RS.1.0.0
2025-04-01 21:13:04,358 [WARN] PackLoader:240 - Cannot read IP mode file for STMicroelectronics.X-CUBE-TOF1.3.4.2
2025-04-01 21:13:04,364 [WARN] PackLoader:240 - Cannot read IP mode file for wolfSSL.I-CUBE-wolfSSH.1.4.17
2025-04-01 21:13:04,364 [INFO] ThirdParty:978 - Integrity check success = true
2025-04-01 21:13:04,364 [INFO] IntegrityCheckThread:100 - exiting critical section [integrity check]
2025-04-01 21:13:04,364 [INFO] IntegrityCheckThread:103 - End integrity checks thread
2025-04-01 21:13:04,367 [INFO] WebApp:169 - Instantiating new browser for Auth
2025-04-01 21:13:05,057 [INFO] WebApp:463 - Apply proxy settings
2025-04-01 21:13:05,057 [INFO] WebApp:548 - Chromium requires no authentication
2025-04-01 21:13:05,063 [INFO] WebApp:491 - Direct internet connection detected
2025-04-01 21:13:05,074 [INFO] WebApp:894 - Register for checkConnection events
2025-04-01 21:13:05,074 [INFO] WebApp:463 - Apply proxy settings
2025-04-01 21:13:05,074 [INFO] WebApp:548 - Chromium requires no authentication
2025-04-01 21:13:05,075 [INFO] WebApp:491 - Direct internet connection detected
2025-04-01 21:13:05,164 [INFO] WebApp:225 - Starting web application
2025-04-01 21:13:05,165 [INFO] WebApp:593 - Web application path used /opt/st/stm32cubeide_1.18.0/plugins/com.st.stm32cube.common.mx_6.14.0.202502271554/db/plugins/mcufinder/reactClient1/index.html
2025-04-01 21:13:05,252 [INFO] UserAuth:486 - Internet connection configuration mode: 1
2025-04-01 21:13:05,804 [INFO] WebApp:191 - Connection restablished
2025-04-01 21:13:17,955 [ERROR] LogOutputStream:75 - [STDERR_REDIRECT] 
2025-04-01 21:13:23,136 [INFO] Activator:176 - 


2025-04-01 21:13:23,137 [INFO] Activator:177 - !SESSION log4j initialized
2025-04-01 21:13:24,465 [INFO] LogOutputStream:77 - [STDOUT_REDIRECT] 
2025-04-01 21:13:39,713 [INFO] ApplicationProperties:184 - Using Application install path: /opt/st/stm32cubeide_1.18.0/plugins/com.st.stm32cube.common.mx_6.14.0.202502271554
2025-04-01 21:13:39,723 [INFO] DbMcusXml:78 - Set database path to: /opt/st/stm32cubeide_1.18.0/plugins/com.st.stm32cube.common.mx_6.14.0.202502271554//db//mcu/
2025-04-01 21:13:39,723 [INFO] ApiDb:274 - Set plugin database path to: /opt/st/stm32cubeide_1.18.0/plugins/com.st.stm32cube.common.mx_6.14.0.202502271554//db//plugins/boardmanager/
2025-04-01 21:13:39,723 [WARN] ApiDb:259 - Overriding images path with different value:  => /opt/st/stm32cubeide_1.18.0/plugins/com.st.stm32cube.common.mx_6.14.0.202502271554//db//plugins/mcufinder/images/
2025-04-01 21:13:39,726 [INFO] ApiDb:250 - Set database path to: /home/astrox/.stmcufinder/plugins/mcufinder//mcu/
2025-04-01 21:13:39,727 [INFO] DbMcusAds:125 - Set database path to: /home/astrox/.stmcufinder/plugins/mcufinder//mcu/
2025-04-01 21:13:39,738 [INFO] CrossReferenceDbSqlite:203 - Set database path to: /home/astrox/.stmcufinder/plugins/mcufinder//mcu/cs/
2025-04-01 21:13:39,811 [INFO] RulesReader:64 - Compatibility file has been processed (301 Rules)
2025-04-01 21:13:39,848 [INFO] DbMcusXml:78 - Set database path to: /opt/st/stm32cubeide_1.18.0/plugins/com.st.stm32cube.common.mx_6.14.0.202502271554//db//mcu/
2025-04-01 21:13:39,848 [INFO] ApiDb:274 - Set plugin database path to: /opt/st/stm32cubeide_1.18.0/plugins/com.st.stm32cube.common.mx_6.14.0.202502271554//db//plugins/boardmanager/
2025-04-01 21:13:39,848 [INFO] ApiDb:261 - Set plugin images path to: /opt/st/stm32cubeide_1.18.0/plugins/com.st.stm32cube.common.mx_6.14.0.202502271554//db//plugins/mcufinder/images/
2025-04-01 21:13:39,848 [WARN] DbFile:41 - Overriding database path with different value: /home/astrox/.stmcufinder/plugins/mcufinder/ => /home/astrox/.stmcufinder/plugins/mcufinder
2025-04-01 21:13:39,848 [INFO] ApiDb:250 - Set database path to: /home/astrox/.stmcufinder/plugins/mcufinder//mcu/
2025-04-01 21:13:39,848 [WARN] DbFile:41 - Overriding database path with different value: /home/astrox/.stmcufinder/plugins/mcufinder/ => /home/astrox/.stmcufinder/plugins/mcufinder
2025-04-01 21:13:39,848 [INFO] DbMcusAds:125 - Set database path to: /home/astrox/.stmcufinder/plugins/mcufinder//mcu/
2025-04-01 21:13:39,848 [WARN] DbFile:41 - Overriding database path with different value: /home/astrox/.stmcufinder/plugins/mcufinder/ => /home/astrox/.stmcufinder/plugins/mcufinder
2025-04-01 21:13:39,848 [WARN] DbFile:41 - Overriding database path with different value: /home/astrox/.stmcufinder/plugins/mcufinder/ => /home/astrox/.stmcufinder/plugins/mcufinder
2025-04-01 21:13:39,849 [INFO] CrossReferenceDbSqlite:203 - Set database path to: /home/astrox/.stmcufinder/plugins/mcufinder//mcu/cs/
2025-04-01 21:13:39,879 [INFO] MainPanel:272 - HeapMemory: 268435456
2025-04-01 21:13:39,933 [INFO] DbMcusXml:78 - Set database path to: /opt/st/stm32cubeide_1.18.0/plugins/com.st.stm32cube.common.mx_6.14.0.202502271554//db//mcu/
2025-04-01 21:13:39,933 [INFO] ApiDb:274 - Set plugin database path to: /opt/st/stm32cubeide_1.18.0/plugins/com.st.stm32cube.common.mx_6.14.0.202502271554//db//plugins/boardmanager/
2025-04-01 21:13:39,933 [INFO] ApiDb:261 - Set plugin images path to: /opt/st/stm32cubeide_1.18.0/plugins/com.st.stm32cube.common.mx_6.14.0.202502271554//db//plugins/mcufinder/images/
2025-04-01 21:13:39,933 [WARN] DbFile:41 - Overriding database path with different value: /home/astrox/.stmcufinder/plugins/mcufinder/ => /home/astrox/.stmcufinder/plugins/mcufinder
2025-04-01 21:13:39,934 [INFO] ApiDb:250 - Set database path to: /home/astrox/.stmcufinder/plugins/mcufinder//mcu/
2025-04-01 21:13:39,934 [WARN] DbFile:41 - Overriding database path with different value: /home/astrox/.stmcufinder/plugins/mcufinder/ => /home/astrox/.stmcufinder/plugins/mcufinder
2025-04-01 21:13:39,934 [INFO] DbMcusAds:125 - Set database path to: /home/astrox/.stmcufinder/plugins/mcufinder//mcu/
2025-04-01 21:13:39,934 [WARN] DbFile:41 - Overriding database path with different value: /home/astrox/.stmcufinder/plugins/mcufinder/ => /home/astrox/.stmcufinder/plugins/mcufinder
2025-04-01 21:13:39,934 [WARN] DbFile:41 - Overriding database path with different value: /home/astrox/.stmcufinder/plugins/mcufinder/ => /home/astrox/.stmcufinder/plugins/mcufinder
2025-04-01 21:13:39,934 [INFO] CrossReferenceDbSqlite:203 - Set database path to: /home/astrox/.stmcufinder/plugins/mcufinder//mcu/cs/
2025-04-01 21:13:39,942 [INFO] ApplicationProperties:184 - Using Application install path: /opt/st/stm32cubeide_1.18.0/plugins/com.st.stm32cube.common.mx_6.14.0.202502271554
2025-04-01 21:13:39,943 [INFO] PluginManage:196 - Search for loadable plugins [exclusion list=, ]
2025-04-01 21:13:39,943 [INFO] PluginManage:310 - Check plugin analytics
2025-04-01 21:13:40,032 [INFO] AnalyticsPlugin:253 - Accepted Software Licenses: STM32CubeMX.6.13.0,STM32CubeMX.6.14.0
2025-04-01 21:13:40,032 [INFO] AnalyticsPlugin:255 - Accepted CMSIS Pack Licenses: STMicroelectronics.X-CUBE-ALGOBUILD.1.4.0,STMicroelectronics.X-CUBE-FREERTOS.1.3.0
2025-04-01 21:13:40,032 [INFO] AnalyticsPlugin:257 - Accepted Firmware Licenses: FW.F4.1.28.0
2025-04-01 21:13:40,034 [INFO] PluginManage:359 - Loaded plugin analytics (category:tool,tabindex:-1)
2025-04-01 21:13:40,034 [INFO] PluginManage:310 - Check plugin cadmodel
2025-04-01 21:13:40,036 [INFO] CADModel:105 - Init CAD model plugin
2025-04-01 21:13:40,036 [INFO] PluginManage:359 - Loaded plugin cadmodel (category:power,tabindex:5)
2025-04-01 21:13:40,036 [INFO] PluginManage:310 - Check plugin clock
2025-04-01 21:13:40,040 [INFO] PluginManage:359 - Loaded plugin clock (category:base,tabindex:2)
2025-04-01 21:13:40,040 [INFO] PluginManage:310 - Check plugin ddr
2025-04-01 21:13:40,041 [INFO] PluginManage:359 - Loaded plugin ddr (category:tool,tabindex:6)
2025-04-01 21:13:40,041 [INFO] PluginManage:310 - Check plugin filemanager
2025-04-01 21:13:40,115 [INFO] PluginManage:359 - Loaded plugin filemanager (category:base,tabindex:10)
2025-04-01 21:13:40,115 [INFO] PluginManage:310 - Check plugin ipmanager
2025-04-01 21:13:40,118 [INFO] PluginManage:359 - Loaded plugin ipmanager (category:base,tabindex:5)
2025-04-01 21:13:40,118 [INFO] PluginManage:310 - Check plugin lpbam
2025-04-01 21:13:40,123 [INFO] PluginManage:359 - Loaded plugin lpbam (category:base,tabindex:0)
2025-04-01 21:13:40,123 [INFO] PluginManage:310 - Check plugin memorymap
2025-04-01 21:13:40,129 [INFO] PluginManage:359 - Loaded plugin memorymap (category:base,tabindex:4)
2025-04-01 21:13:40,129 [INFO] PluginManage:310 - Check plugin pinoutandconfiguration
2025-04-01 21:13:40,133 [INFO] PluginManage:359 - Loaded plugin pinoutandconfiguration (category:base,tabindex:1)
2025-04-01 21:13:40,133 [INFO] PluginManage:310 - Check plugin pinoutconfig
2025-04-01 21:13:40,182 [WARN] SupportedApi:132 - Cannot load RTOS API schema: s4s-elt-must-match.1: The content of 'definitions' must match (annotation?, (simpleType | complexType)?, (unique | key | keyref)*)). A problem was found starting at: attribute.
2025-04-01 21:13:40,251 [INFO] PluginManage:359 - Loaded plugin pinoutconfig (category:base,tabindex:0)
2025-04-01 21:13:40,251 [INFO] PluginManage:310 - Check plugin power
2025-04-01 21:13:40,255 [INFO] PluginManage:359 - Loaded plugin power (category:power,tabindex:4)
2025-04-01 21:13:40,256 [INFO] PluginManage:310 - Check plugin projectmanager
2025-04-01 21:13:40,264 [INFO] PluginManage:359 - Loaded plugin projectmanager (category:projectmanager,tabindex:4)
2025-04-01 21:13:40,264 [INFO] PluginManage:310 - Check plugin rif
2025-04-01 21:13:40,267 [INFO] PluginManage:359 - Loaded plugin rif (category:base,tabindex:3)
2025-04-01 21:13:40,268 [INFO] PluginManage:310 - Check plugin thirdparty
2025-04-01 21:13:40,332 [INFO] PluginManage:359 - Loaded plugin thirdparty (category:base,tabindex:-1)
2025-04-01 21:13:40,332 [WARN] IntegrityCheckThread:84 - waiting for thirdparty lock release [integrity check]
2025-04-01 21:13:40,332 [INFO] PluginManage:310 - Check plugin tools
2025-04-01 21:13:40,332 [INFO] IntegrityCheckThread:86 - entering critical section [integrity check]
2025-04-01 21:13:40,332 [INFO] ThirdPartyUpdaterWithRetryManager:70 - Updater plugin not ready yet. [1/15]
2025-04-01 21:13:40,333 [INFO] PluginManage:359 - Loaded plugin tools (category:base,tabindex:7)
2025-04-01 21:13:40,333 [INFO] PluginManage:310 - Check plugin tutovideos
2025-04-01 21:13:40,424 [INFO] PluginManage:359 - Loaded plugin tutovideos (category:base,tabindex:-1)
2025-04-01 21:13:40,424 [INFO] PluginManage:310 - Check plugin updater
2025-04-01 21:13:40,437 [INFO] PluginManage:359 - Loaded plugin updater (category:base,tabindex:12)
2025-04-01 21:13:40,437 [INFO] PluginManage:310 - Check plugin userauth
2025-04-01 21:13:40,439 [INFO] UserAuth:118 - Init User Auth plugin
2025-04-01 21:13:40,439 [INFO] PluginManage:359 - Loaded plugin userauth (category:base,tabindex:14)
2025-04-01 21:13:40,440 [INFO] PluginManage:283 - PluginManage : Loaded plugins [18]
2025-04-01 21:13:40,537 [INFO] PinOutPanel:1589 - setPackage(No Configuration,No Configuration)
2025-04-01 21:13:40,572 [INFO] CADModel:165 - CPN selected for project level
2025-04-01 21:13:40,572 [INFO] CADModel:114 - Register for checkConnection events
2025-04-01 21:13:40,577 [INFO] IPUIPlugin:80 - create IPUIPlugin
2025-04-01 21:13:40,577 [INFO] PluginManager:220 - loadIPPluginJar : add openamp
2025-04-01 21:13:40,578 [INFO] IPUIPlugin:80 - create IPUIPlugin
2025-04-01 21:13:40,578 [INFO] PluginManager:220 - loadIPPluginJar : add radio
2025-04-01 21:13:40,581 [INFO] IPUIPlugin:80 - create IPUIPlugin
2025-04-01 21:13:40,582 [INFO] PluginManager:220 - loadIPPluginJar : add linkedlist
2025-04-01 21:13:40,582 [INFO] IPUIPlugin:80 - create IPUIPlugin
2025-04-01 21:13:40,582 [INFO] PluginManager:220 - loadIPPluginJar : add ucpd
2025-04-01 21:13:40,586 [INFO] IPUIPlugin:80 - create IPUIPlugin
2025-04-01 21:13:40,586 [INFO] PluginManager:220 - loadIPPluginJar : add fmc
2025-04-01 21:13:40,587 [INFO] IPUIPlugin:80 - create IPUIPlugin
2025-04-01 21:13:40,587 [INFO] PluginManager:220 - loadIPPluginJar : add tim
2025-04-01 21:13:40,589 [INFO] IPUIPlugin:80 - create IPUIPlugin
2025-04-01 21:13:40,589 [INFO] PluginManager:220 - loadIPPluginJar : add gpio
2025-04-01 21:13:40,590 [INFO] IPUIPlugin:80 - create IPUIPlugin
2025-04-01 21:13:40,590 [INFO] PluginManager:220 - loadIPPluginJar : add i2c
2025-04-01 21:13:40,591 [INFO] IPUIPlugin:80 - create IPUIPlugin
2025-04-01 21:13:40,592 [INFO] PluginManager:220 - loadIPPluginJar : add ddr_ctrl_phy
2025-04-01 21:13:40,592 [INFO] IPUIPlugin:80 - create IPUIPlugin
2025-04-01 21:13:40,592 [INFO] PluginManager:220 - loadIPPluginJar : add gfxmmu
2025-04-01 21:13:40,594 [INFO] IPUIPlugin:80 - create IPUIPlugin
2025-04-01 21:13:40,594 [INFO] PluginManager:220 - loadIPPluginJar : add ipddr
2025-04-01 21:13:40,595 [INFO] IPUIPlugin:80 - create IPUIPlugin
2025-04-01 21:13:40,595 [INFO] PluginManager:220 - loadIPPluginJar : add nvic
2025-04-01 21:13:40,596 [INFO] IPUIPlugin:80 - create IPUIPlugin
2025-04-01 21:13:40,596 [INFO] PluginManager:220 - loadIPPluginJar : add cryp
2025-04-01 21:13:40,598 [INFO] IPUIPlugin:80 - create IPUIPlugin
2025-04-01 21:13:40,598 [INFO] PluginManager:220 - loadIPPluginJar : add opamp
2025-04-01 21:13:40,599 [INFO] IPUIPlugin:80 - create IPUIPlugin
2025-04-01 21:13:40,599 [INFO] PluginManager:220 - loadIPPluginJar : add i3c
2025-04-01 21:13:40,601 [INFO] IPUIPlugin:80 - create IPUIPlugin
2025-04-01 21:13:40,601 [INFO] PluginManager:220 - loadIPPluginJar : add gic
2025-04-01 21:13:40,605 [INFO] IPUIPlugin:80 - create IPUIPlugin
2025-04-01 21:13:40,605 [INFO] PluginManager:220 - loadIPPluginJar : add adc
2025-04-01 21:13:40,606 [INFO] IPUIPlugin:80 - create IPUIPlugin
2025-04-01 21:13:40,607 [INFO] PluginManager:220 - loadIPPluginJar : add sai
2025-04-01 21:13:40,608 [INFO] IPUIPlugin:80 - create IPUIPlugin
2025-04-01 21:13:40,608 [INFO] PluginManager:220 - loadIPPluginJar : add resmgrutility
2025-04-01 21:13:40,611 [INFO] IPUIPlugin:80 - create IPUIPlugin
2025-04-01 21:13:40,613 [INFO] PluginManager:220 - loadIPPluginJar : add plateformsettings
2025-04-01 21:13:40,613 [INFO] IPUIPlugin:80 - create IPUIPlugin
2025-04-01 21:13:40,614 [INFO] PluginManager:220 - loadIPPluginJar : add ltdc
2025-04-01 21:13:40,615 [INFO] IPUIPlugin:80 - create IPUIPlugin
2025-04-01 21:13:40,615 [INFO] PluginManager:220 - loadIPPluginJar : add lorawan
2025-04-01 21:13:40,616 [INFO] IPUIPlugin:80 - create IPUIPlugin
2025-04-01 21:13:40,616 [INFO] PluginManager:220 - loadIPPluginJar : add ts
2025-04-01 21:13:40,617 [INFO] IPUIPlugin:80 - create IPUIPlugin
2025-04-01 21:13:40,617 [INFO] PluginManager:220 - loadIPPluginJar : add usart
2025-04-01 21:13:40,619 [INFO] IPUIPlugin:80 - create IPUIPlugin
2025-04-01 21:13:40,619 [INFO] PluginManager:220 - loadIPPluginJar : add can
2025-04-01 21:13:40,622 [INFO] IPUIPlugin:80 - create IPUIPlugin
2025-04-01 21:13:40,622 [INFO] PluginManager:220 - loadIPPluginJar : add freertos
2025-04-01 21:13:40,623 [INFO] IPUIPlugin:80 - create IPUIPlugin
2025-04-01 21:13:40,623 [INFO] PluginManager:220 - loadIPPluginJar : add spi
2025-04-01 21:13:40,624 [INFO] IPUIPlugin:80 - create IPUIPlugin
2025-04-01 21:13:40,624 [INFO] PluginManager:220 - loadIPPluginJar : add dma3
2025-04-01 21:13:40,625 [INFO] IPUIPlugin:80 - create IPUIPlugin
2025-04-01 21:13:40,625 [INFO] PluginManager:220 - loadIPPluginJar : add fatfs
2025-04-01 21:13:40,628 [INFO] IPUIPlugin:80 - create IPUIPlugin
2025-04-01 21:13:40,628 [INFO] PluginManager:220 - loadIPPluginJar : add dma
2025-04-01 21:13:40,629 [INFO] IPUIPlugin:80 - create IPUIPlugin
2025-04-01 21:13:40,629 [INFO] PluginManager:220 - loadIPPluginJar : add quadspi
2025-04-01 21:13:40,630 [INFO] IPUIPlugin:80 - create IPUIPlugin
2025-04-01 21:13:40,630 [INFO] PluginManager:220 - loadIPPluginJar : add gtzc
2025-04-01 21:13:40,632 [INFO] IPUIPlugin:80 - create IPUIPlugin
2025-04-01 21:13:40,632 [INFO] PluginManager:220 - loadIPPluginJar : add aes
2025-04-01 21:13:40,633 [INFO] IPUIPlugin:80 - create IPUIPlugin
2025-04-01 21:13:40,633 [INFO] PluginManager:220 - loadIPPluginJar : add usbx
2025-04-01 21:13:40,635 [INFO] IPUIPlugin:80 - create IPUIPlugin
2025-04-01 21:13:40,635 [INFO] PluginManager:220 - loadIPPluginJar : add extmemmanager
2025-04-01 21:13:40,636 [INFO] IPUIPlugin:80 - create IPUIPlugin
2025-04-01 21:13:40,636 [INFO] PluginManager:220 - loadIPPluginJar : add tracer_emb
2025-04-01 21:13:40,637 [INFO] IPUIPlugin:80 - create IPUIPlugin
2025-04-01 21:13:40,637 [INFO] PluginManager:220 - loadIPPluginJar : add tsc
2025-04-01 21:13:40,638 [INFO] IPUIPlugin:80 - create IPUIPlugin
2025-04-01 21:13:40,638 [INFO] PluginManager:220 - loadIPPluginJar : add hash
2025-04-01 21:13:40,639 [INFO] IPUIPlugin:80 - create IPUIPlugin
2025-04-01 21:13:40,639 [INFO] PluginManager:220 - loadIPPluginJar : add dfsdm
2025-04-01 21:13:40,640 [INFO] IPUIPlugin:80 - create IPUIPlugin
2025-04-01 21:13:40,640 [INFO] PluginManager:220 - loadIPPluginJar : add genericplugin
2025-04-01 21:13:40,641 [INFO] IPUIPlugin:80 - create IPUIPlugin
2025-04-01 21:13:40,641 [INFO] PluginManager:220 - loadIPPluginJar : add pdm2pcm
2025-04-01 21:13:40,641 [INFO] IPUIPlugin:80 - create IPUIPlugin
2025-04-01 21:13:40,641 [INFO] PluginManager:220 - loadIPPluginJar : add comp
2025-04-01 21:13:40,644 [INFO] IPUIPlugin:80 - create IPUIPlugin
2025-04-01 21:13:40,644 [INFO] PluginManager:220 - loadIPPluginJar : add mdma
2025-04-01 21:13:40,645 [INFO] IPUIPlugin:80 - create IPUIPlugin
2025-04-01 21:13:40,645 [INFO] PluginManager:220 - loadIPPluginJar : add touchsensing
2025-04-01 21:13:40,646 [INFO] IPUIPlugin:80 - create IPUIPlugin
2025-04-01 21:13:40,646 [INFO] PluginManager:220 - loadIPPluginJar : add i2s
2025-04-01 21:13:40,649 [INFO] IPUIPlugin:80 - create IPUIPlugin
2025-04-01 21:13:40,649 [INFO] PluginManager:220 - loadIPPluginJar : add stm32_wpan
2025-04-01 21:13:40,737 [FATAL] Updater:351 - Updater called before beeing initialized
2025-04-01 21:13:40,751 [INFO] RulesReader:64 - Compatibility file has been processed (301 Rules)
2025-04-01 21:13:40,758 [INFO] RulesReader:64 - Compatibility file has been processed (301 Rules)
2025-04-01 21:13:40,762 [INFO] CADModel:165 - CPN selected for project level
2025-04-01 21:13:40,762 [INFO] CADModel:114 - Register for checkConnection events
2025-04-01 21:13:40,762 [FATAL] Updater:351 - Updater called before beeing initialized
2025-04-01 21:13:40,762 [ERROR] CADModel:125 - Updater not yet initialized, retry later 
2025-04-01 21:13:40,823 [FATAL] Updater:351 - Updater called before beeing initialized
2025-04-01 21:13:40,824 [INFO] CADModel:165 - CPN selected for project level
2025-04-01 21:13:40,824 [INFO] CADModel:114 - Register for checkConnection events
2025-04-01 21:13:40,824 [FATAL] Updater:351 - Updater called before beeing initialized
2025-04-01 21:13:40,824 [ERROR] CADModel:125 - Updater not yet initialized, retry later 
2025-04-01 21:13:40,826 [FATAL] Updater:351 - Updater called before beeing initialized
2025-04-01 21:13:40,875 [FATAL] Updater:351 - Updater called before beeing initialized
2025-04-01 21:13:40,877 [INFO] DbMcusAds:53 - JSON generation date=Thu Mar 06 21:54:21 ICT 2025 (1741272861825)
2025-04-01 21:13:40,877 [FATAL] Updater:351 - Updater called before beeing initialized
2025-04-01 21:13:40,899 [WARN] DetailPanel:346 - Failed to get advertising image, set to default
2025-04-01 21:13:41,092 [FATAL] Updater:351 - Updater called before beeing initialized
2025-04-01 21:13:41,093 [FATAL] Updater:351 - Updater called before beeing initialized
2025-04-01 21:13:41,093 [FATAL] Updater:351 - Updater called before beeing initialized
2025-04-01 21:13:41,093 [WARN] DetailPanel:346 - Failed to get advertising image, set to default
2025-04-01 21:13:41,094 [FATAL] Updater:351 - Updater called before beeing initialized
2025-04-01 21:13:41,113 [ERROR] Updater:1198 - MainUpdater not yet initialized. External WinMGr cannot be set.
2025-04-01 21:13:41,114 [INFO] Updater:1134 - Updater Version found : 6.14.0
2025-04-01 21:13:41,123 [INFO] ApplicationProperties:184 - Using Application install path: /opt/st/stm32cubeide_1.18.0/plugins/com.st.stm32cube.common.mx_6.14.0.202502271554
2025-04-01 21:13:41,356 [INFO] MainUpdater:2872 - connection check result : 10
2025-04-01 21:13:41,357 [INFO] MainUpdater:289 - Updater Check For Update Now.
2025-04-01 21:13:41,357 [INFO] MicroXplorer:498 - Change Database Version : DB.6.0.140
2025-04-01 21:13:41,359 [INFO] McuFinderGlobals:63 - Set McuFinder mode to 2 (CubeIDE integrated)
2025-04-01 21:13:41,360 [INFO] UserAuth:486 - Internet connection configuration mode: 1
2025-04-01 21:13:41,366 [INFO] JxBrowserEngine:152 - Initiate JxBrowser Engine with user profile folder
2025-04-01 21:13:41,512 [INFO] CheckServerUpdateThread:120 - End of CheckServer Thread
2025-04-01 21:13:41,762 [INFO] WebApp:169 - Instantiating new browser for Auth
2025-04-01 21:13:42,204 [INFO] WebApp:463 - Apply proxy settings
2025-04-01 21:13:42,204 [INFO] WebApp:548 - Chromium requires no authentication
2025-04-01 21:13:42,208 [INFO] WebApp:491 - Direct internet connection detected
2025-04-01 21:13:42,218 [INFO] WebApp:894 - Register for checkConnection events
2025-04-01 21:13:42,218 [INFO] WebApp:463 - Apply proxy settings
2025-04-01 21:13:42,218 [INFO] WebApp:548 - Chromium requires no authentication
2025-04-01 21:13:42,219 [INFO] WebApp:491 - Direct internet connection detected
2025-04-01 21:13:42,298 [INFO] WebApp:225 - Starting web application
2025-04-01 21:13:42,298 [INFO] WebApp:593 - Web application path used /opt/st/stm32cubeide_1.18.0/plugins/com.st.stm32cube.common.mx_6.14.0.202502271554/db/plugins/mcufinder/reactClient1/index.html
2025-04-01 21:13:42,352 [INFO] UserAuth:486 - Internet connection configuration mode: 1
2025-04-01 21:13:42,923 [INFO] WebApp:191 - Connection restablished
2025-04-01 21:13:43,405 [WARN] PackLoader:240 - Cannot read IP mode file for STMicroelectronics.FP-SNS-MOTENVWB1.1.4.0
2025-04-01 21:13:43,411 [WARN] PackLoader:240 - Cannot read IP mode file for STMicroelectronics.FP-ATR-ASTRA1.2.0.2
2025-04-01 21:13:43,414 [WARN] PackLoader:240 - Cannot read IP mode file for STMicroelectronics.FP-ATR-ASTRA1.2.0.1
2025-04-01 21:13:43,419 [WARN] PackLoader:240 - Cannot read IP mode file for STMicroelectronics.X-CUBE-SMBUS.2.1.0
2025-04-01 21:13:43,425 [WARN] PackLoader:240 - Cannot read IP mode file for STMicroelectronics.X-CUBE-WB05N.1.1.0
2025-04-01 21:13:43,451 [WARN] PackLoader:240 - Cannot read IP mode file for STMicroelectronics.X-CUBE-AZRTOS-F7.1.1.0
2025-04-01 21:13:43,459 [WARN] PackLoader:240 - Cannot read IP mode file for STMicroelectronics.FP-SNS-FLIGHT1.5.0.2
2025-04-01 21:13:43,481 [WARN] PackLoader:240 - Cannot read IP mode file for Infineon.AIROC-Wi-Fi-Bluetooth-STM32.1.7.0
2025-04-01 21:13:43,489 [WARN] PackLoader:240 - Cannot read IP mode file for STMicroelectronics.X-CUBE-DISPLAY.3.0.0
2025-04-01 21:13:43,495 [WARN] PackLoader:240 - Cannot read IP mode file for STMicroelectronics.X-CUBE-BLE1.7.0.0
2025-04-01 21:13:43,498 [WARN] PackLoader:240 - Cannot read IP mode file for STMicroelectronics.X-CUBE-NFC10.1.0.0
2025-04-01 21:13:43,506 [WARN] PackLoader:240 - Cannot read IP mode file for STMicroelectronics.X-CUBE-BLEMGR.4.0.0
2025-04-01 21:13:43,510 [WARN] PackLoader:240 - Cannot read IP mode file for emotas.I-CUBE-CANOPEN.1.3.0
2025-04-01 21:13:43,513 [WARN] PackLoader:240 - Cannot read IP mode file for STMicroelectronics.X-CUBE-AI.10.0.0
2025-04-01 21:13:43,515 [WARN] PackLoader:240 - Cannot read IP mode file for STMicroelectronics.FP-SNS-SMARTAG2.1.2.0
2025-04-01 21:13:43,517 [WARN] PackLoader:240 - Cannot read IP mode file for STMicroelectronics.FP-SNS-FLIGHT1.5.1.0
2025-04-01 21:13:43,549 [WARN] PackLoader:240 - Cannot read IP mode file for STMicroelectronics.X-CUBE-MEMS1.11.1.0
2025-04-01 21:13:43,683 [INFO] LogOutputStream:77 - [STDOUT_REDIRECT] 1 : Invalid condition id : UX_CORESTACK_Condition cause : null
2025-04-01 21:13:43,684 [INFO] LogOutputStream:77 - [STDOUT_REDIRECT] 1 : Invalid condition id : UX_CORESTACK_Condition cause : null
2025-04-01 21:13:43,684 [INFO] LogOutputStream:77 - [STDOUT_REDIRECT] 1 : Invalid condition id : UX_CORESTACK_Condition cause : null
2025-04-01 21:13:43,685 [INFO] LogOutputStream:77 - [STDOUT_REDIRECT] 1 : Invalid condition id : UX_CORESTACK_Condition cause : null
2025-04-01 21:13:43,686 [INFO] LogOutputStream:77 - [STDOUT_REDIRECT] 1 : Invalid condition id : UX_CORESTACK_Condition cause : null
2025-04-01 21:13:43,687 [WARN] PackLoader:240 - Cannot read IP mode file for STMicroelectronics.X-CUBE-AZRTOS-WL.2.0.0
2025-04-01 21:13:43,690 [WARN] PackLoader:240 - Cannot read IP mode file for STMicroelectronics.FP-SNS-MOTENV1.5.0.0
2025-04-01 21:13:43,693 [WARN] PackLoader:240 - Cannot read IP mode file for wolfSSL.I-CUBE-wolfMQTT.1.19.0
2025-04-01 21:13:43,696 [WARN] PackLoader:240 - Cannot read IP mode file for WES.I-CUBE-Cesium.1.3.0
2025-04-01 21:13:43,698 [WARN] PackLoader:240 - Cannot read IP mode file for STMicroelectronics.X-CUBE-BLE2.3.3.0
2025-04-01 21:13:43,702 [WARN] PackLoader:240 - Cannot read IP mode file for STMicroelectronics.X-CUBE-NFC9.1.0.0
2025-04-01 21:13:43,705 [WARN] PackLoader:240 - Cannot read IP mode file for STMicroelectronics.X-CUBE-BLE1.7.1.0
2025-04-01 21:13:43,714 [WARN] PackLoader:240 - Cannot read IP mode file for STMicroelectronics.X-CUBE-AZRTOS-G0.1.1.0
2025-04-01 21:13:43,719 [WARN] PackLoader:240 - Cannot read IP mode file for STMicroelectronics.X-CUBE-SAFEA1.1.2.2
2025-04-01 21:13:43,723 [WARN] PackLoader:240 - Cannot read IP mode file for STMicroelectronics.X-CUBE-NFC4.3.0.0
2025-04-01 21:13:43,727 [WARN] PackLoader:240 - Cannot read IP mode file for EmbeddedOffice.I-CUBE-FS-RTOS.1.0.1
2025-04-01 21:13:43,731 [WARN] PackLoader:240 - Cannot read IP mode file for STMicroelectronics.X-CUBE-TCPP.4.2.0
2025-04-01 21:13:43,734 [WARN] PackLoader:240 - Cannot read IP mode file for RealThread.X-CUBE-RT-Thread_Nano.4.1.1
2025-04-01 21:13:43,736 [WARN] PackLoader:240 - Cannot read IP mode file for STMicroelectronics.FP-ATR-SIGFOX1.3.2.0
2025-04-01 21:13:43,738 [WARN] ConditionMgr:438 - getConditionDescription Invalid condition id : Cortex-A Device cause : null
2025-04-01 21:13:43,743 [WARN] ConditionMgr:1044 - genDependencies : Invalid condition id : Cortex-A Device cause : null
2025-04-01 21:13:43,744 [WARN] ConditionMgr:1044 - genDependencies : Invalid condition id : Cortex-A Device cause : null
2025-04-01 21:13:43,744 [WARN] ConditionMgr:1044 - genDependencies : Invalid condition id : Cortex-A Device cause : null
2025-04-01 21:13:43,747 [WARN] PackLoader:240 - Cannot read IP mode file for STMicroelectronics.X-CUBE-EEPRMA1.5.1.0
2025-04-01 21:13:43,750 [WARN] PackLoader:240 - Cannot read IP mode file for wolfSSL.I-CUBE-wolfSSL.5.7.6
2025-04-01 21:13:43,758 [WARN] PackLoader:240 - Cannot read IP mode file for ITTIA_DB.I-CUBE-ITTIADB.8.9.0
2025-04-01 21:13:43,773 [WARN] PackLoader:240 - Cannot read IP mode file for SEGGER.I-CUBE-embOS.1.3.1
2025-04-01 21:13:43,804 [WARN] PackLoader:240 - Cannot read IP mode file for STMicroelectronics.X-CUBE-ALGOBUILD.1.4.0
2025-04-01 21:13:43,854 [WARN] PackLoader:240 - Cannot read IP mode file for STMicroelectronics.X-CUBE-AZRTOS-F4.1.1.0
2025-04-01 21:13:43,858 [WARN] PackLoader:240 - Cannot read IP mode file for STMicroelectronics.X-CUBE-ISPU.2.1.0
2025-04-01 21:13:43,868 [WARN] PackLoader:240 - Cannot read IP mode file for STMicroelectronics.X-CUBE-AZRTOS-L5.2.0.0
2025-04-01 21:13:43,873 [WARN] PackLoader:240 - Cannot read IP mode file for STMicroelectronics.X-CUBE-NFC6.3.1.0
2025-04-01 21:13:43,877 [WARN] PackLoader:240 - Cannot read IP mode file for STMicroelectronics.X-CUBE-DPower.1.2.0
2025-04-01 21:13:43,879 [WARN] PackLoader:240 - Cannot read IP mode file for STMicroelectronics.X-CUBE-FREERTOS.1.3.0
2025-04-01 21:13:43,906 [WARN] PackLoader:240 - Cannot read IP mode file for STMicroelectronics.X-CUBE-NFC7.1.0.1
2025-04-01 21:13:43,909 [WARN] PackLoader:240 - Cannot read IP mode file for STMicroelectronics.X-CUBE-DPower.1.3.0
2025-04-01 21:13:43,920 [WARN] ConditionMgr:438 - getConditionDescription Invalid condition id : LAN8742 Phy interface Condition cause : null
2025-04-01 21:13:43,921 [WARN] PackLoader:240 - Cannot read IP mode file for STMicroelectronics.X-CUBE-AZRTOS-L4.2.0.0
2025-04-01 21:13:43,921 [WARN] ConditionMgr:1044 - genDependencies : Invalid condition id : LAN8742 Phy interface Condition cause : null
2025-04-01 21:13:43,921 [WARN] ConditionMgr:1044 - genDependencies : Invalid condition id : LAN8742 Phy interface Condition cause : null
2025-04-01 21:13:43,922 [WARN] ConditionMgr:1044 - genDependencies : Invalid condition id : LAN8742 Phy interface Condition cause : null
2025-04-01 21:13:43,925 [WARN] PackLoader:240 - Cannot read IP mode file for STMicroelectronics.X-CUBE-SFXS2LP1.4.0.0
2025-04-01 21:13:43,940 [WARN] PackLoader:240 - Cannot read IP mode file for STMicroelectronics.X-CUBE-AZRTOS-H7.3.3.0
2025-04-01 21:13:43,949 [WARN] ConditionMgr:438 - getConditionDescription Invalid condition id : UX DEVICE CLASS RTOS Condition cause : null
2025-04-01 21:13:43,950 [WARN] ConditionMgr:438 - getConditionDescription Invalid condition id : UX DEVICE CLASS RTOS Condition cause : null
2025-04-01 21:13:43,951 [WARN] PackLoader:240 - Cannot read IP mode file for STMicroelectronics.X-CUBE-AZRTOS-WB.2.0.0
2025-04-01 21:13:43,951 [WARN] ConditionMgr:1044 - genDependencies : Invalid condition id : UX DEVICE CLASS RTOS Condition cause : null
2025-04-01 21:13:43,951 [WARN] ConditionMgr:1044 - genDependencies : Invalid condition id : UX DEVICE CLASS RTOS Condition cause : null
2025-04-01 21:13:43,952 [WARN] ConditionMgr:1044 - genDependencies : Invalid condition id : UX DEVICE CLASS RTOS Condition cause : null
2025-04-01 21:13:43,952 [WARN] ConditionMgr:1044 - genDependencies : Invalid condition id : UX DEVICE CLASS RTOS Condition cause : null
2025-04-01 21:13:43,952 [WARN] ConditionMgr:1044 - genDependencies : Invalid condition id : UX DEVICE CLASS RTOS Condition cause : null
2025-04-01 21:13:43,955 [WARN] PackLoader:240 - Cannot read IP mode file for STMicroelectronics.X-CUBE-GNSS1.7.0.1
2025-04-01 21:13:43,957 [WARN] PackLoader:240 - Cannot read IP mode file for STMicroelectronics.X-CUBE-TOUCHGFX.4.25.0
2025-04-01 21:13:43,960 [WARN] PackLoader:240 - Cannot read IP mode file for STMicroelectronics.FP-SNS-STBOX1.2.0.0
2025-04-01 21:13:43,968 [WARN] PackLoader:240 - Cannot read IP mode file for STMicroelectronics.X-CUBE-SUBG2.5.0.0
2025-04-01 21:13:43,981 [WARN] PackLoader:240 - Cannot read IP mode file for STMicroelectronics.X-CUBE-AZRTOS-H7RS.1.1.0
2025-04-01 21:13:43,984 [WARN] PackLoader:240 - Cannot read IP mode file for Cesanta.I-CUBE-Mongoose.7.13.0
2025-04-01 21:13:43,993 [WARN] PackLoader:240 - Cannot read IP mode file for STMicroelectronics.X-CUBE-AZRTOS-G4.2.0.0
2025-04-01 21:13:44,001 [WARN] PackLoader:240 - Cannot read IP mode file for STMicroelectronics.X-CUBE-IPS.3.1.0
2025-04-01 21:13:44,008 [WARN] PackLoader:240 - Cannot read IP mode file for STMicroelectronics.X-CUBE-ALS.1.0.2
2025-04-01 21:13:44,009 [WARN] PackLoader:240 - Cannot read IP mode file for STMicroelectronics.X-CUBE-TOUCHGFX.4.24.2
2025-04-01 21:13:44,010 [WARN] PackLoader:240 - Cannot read IP mode file for wolfSSL.I-CUBE-wolfTPM.3.4.0
2025-04-01 21:13:44,013 [WARN] PackLoader:240 - Cannot read IP mode file for portGmbH.I-Cube-SoM-uGOAL.1.1.0
2025-04-01 21:13:44,059 [WARN] PackLoader:240 - Cannot read IP mode file for STMicroelectronics.X-CUBE-AZRTOS-H7RS.1.0.0
2025-04-01 21:13:44,095 [WARN] PackLoader:240 - Cannot read IP mode file for STMicroelectronics.X-CUBE-TOF1.3.4.2
2025-04-01 21:13:44,125 [WARN] PackLoader:240 - Cannot read IP mode file for wolfSSL.I-CUBE-wolfSSH.1.4.17
2025-04-01 21:13:44,126 [INFO] ThirdParty:978 - Integrity check success = true
2025-04-01 21:13:44,126 [INFO] IntegrityCheckThread:100 - exiting critical section [integrity check]
2025-04-01 21:13:44,126 [INFO] IntegrityCheckThread:103 - End integrity checks thread
2025-04-01 21:13:48,358 [ERROR] LogOutputStream:75 - [STDERR_REDIRECT] 
